# JRE version: OpenJDK Runtime Environment (25.0.2) (build 25.0.2+-15348964-b329.117)
# Java VM: OpenJDK 64-Bit Server VM (25.0.2+-15348964-b329.117, mixed mode, tiered, compressed oops, compressed class ptrs, serial gc, windows-amd64)
GC Precious Log:
 CardTable entry size: 512
 CPUs: 8 total, 8 available
 Memory: 16073M
 Large Page Support: Disabled
 NUMA Support: Disabled
 Compressed Oops: Enabled (32-bit)
 Heap Min Capacity: 8M
 Heap Initial Capacity: 252M
 Heap Max Capacity: 512M
 Pre-touch: Disabled
Heap:
 DefNew     total 77632K, used 12435K [0x00000000e0000000, 0x00000000e5430000, 0x00000000eaaa0000)
  eden space 69056K,   9% used [0x00000000e0000000, 0x00000000e0696158, 0x00000000e4370000)
  from space 8576K,  66% used [0x00000000e4370000, 0x00000000e48fec90, 0x00000000e4bd0000)
  to   space 8576K,   0% used [0x00000000e4bd0000, 0x00000000e4bd0000, 0x00000000e5430000)
 Tenured    total 328772K, used 103553K [0x00000000eaaa0000, 0x00000000febb1000, 0x0000000100000000)
  the  space 328772K,  31% used [0x00000000eaaa0000, 0x00000000f0fc0478, 0x00000000febb1000)
GC Heap Usage History (20 events):
Event: 11.625 {heap Before GC invocations=107 (full 3):
 DefNew     total 77632K, used 70203K [0x00000000e0000000, 0x00000000e5430000, 0x00000000eaaa0000)
  eden space 69056K, 100% used [0x00000000e0000000, 0x00000000e4370000, 0x00000000e4370000)
  from space 8576K,  13% used [0x00000000e4bd0000, 0x00000000e4ceefd8, 0x00000000e5430000)
  to   space 8576K,   0% used [0x00000000e4370000, 0x00000000e4370000, 0x00000000e4bd0000)
 Tenured    total 313220K, used 313067K [0x00000000eaaa0000, 0x00000000fdc81000, 0x0000000100000Event: 11.628 {heap After GC invocations=108 (full 3):
 DefNew     total 77632K, used 1168K [0x00000000e0000000, 0x00000000e5430000, 0x00000000eaaa0000)
  eden space 69056K,   0% used [0x00000000e0000000, 0x00000000e0000000, 0x00000000e4370000)
  from space 8576K,  13% used [0x00000000e4370000, 0x00000000e4494298, 0x00000000e4bd0000)
  to   space 8576K,   0% used [0x00000000e4bd0000, 0x00000000e4bd0000, 0x00000000e5430000)
 Tenured    total 313220K, used 313067K [0x00000000eaaa0000, 0x00000000fdc81000, 0x000000010000000Event: 11.696 {heap Before GC invocations=108 (full 3):
 DefNew     total 77632K, used 70224K [0x00000000e0000000, 0x00000000e5430000, 0x00000000eaaa0000)
  eden space 69056K, 100% used [0x00000000e0000000, 0x00000000e4370000, 0x00000000e4370000)
  from space 8576K,  13% used [0x00000000e4370000, 0x00000000e4494298, 0x00000000e4bd0000)
  to   space 8576K,   0% used [0x00000000e4bd0000, 0x00000000e4bd0000, 0x00000000e5430000)
 Tenured    total 313220K, used 313067K [0x00000000eaaa0000, 0x00000000fdc81000, 0x0000000100000Event: 11.699 {heap After GC invocations=109 (full 3):
 DefNew     total 77632K, used 1280K [0x00000000e0000000, 0x00000000e5430000, 0x00000000eaaa0000)
  eden space 69056K,   0% used [0x00000000e0000000, 0x00000000e0000000, 0x00000000e4370000)
  from space 8576K,  14% used [0x00000000e4bd0000, 0x00000000e4d100c0, 0x00000000e5430000)
  to   space 8576K,   0% used [0x00000000e4370000, 0x00000000e4370000, 0x00000000e4bd0000)
 Tenured    total 313220K, used 313067K [0x00000000eaaa0000, 0x00000000fdc81000, 0x000000010000000Event: 12.010 {heap Before GC invocations=109 (full 3):
 DefNew     total 77632K, used 70336K [0x00000000e0000000, 0x00000000e5430000, 0x00000000eaaa0000)
  eden space 69056K, 100% used [0x00000000e0000000, 0x00000000e4370000, 0x00000000e4370000)
  from space 8576K,  14% used [0x00000000e4bd0000, 0x00000000e4d100c0, 0x00000000e5430000)
  to   space 8576K,   0% used [0x00000000e4370000, 0x00000000e4370000, 0x00000000e4bd0000)
 Tenured    total 313220K, used 313067K [0x00000000eaaa0000, 0x00000000fdc81000, 0x0000000100000Event: 12.014 {heap After GC invocations=110 (full 3):
 DefNew     total 77632K, used 7871K [0x00000000e0000000, 0x00000000e5430000, 0x00000000eaaa0000)
  eden space 69056K,   0% used [0x00000000e0000000, 0x00000000e0000000, 0x00000000e4370000)
  from space 8576K,  91% used [0x00000000e4370000, 0x00000000e4b1fef0, 0x00000000e4bd0000)
  to   space 8576K,   0% used [0x00000000e4bd0000, 0x00000000e4bd0000, 0x00000000e5430000)
 Tenured    total 313220K, used 313067K [0x00000000eaaa0000, 0x00000000fdc81000, 0x000000010000000Event: 12.519 {heap Before GC invocations=110 (full 3):
 DefNew     total 77632K, used 76927K [0x00000000e0000000, 0x00000000e5430000, 0x00000000eaaa0000)
  eden space 69056K, 100% used [0x00000000e0000000, 0x00000000e4370000, 0x00000000e4370000)
  from space 8576K,  91% used [0x00000000e4370000, 0x00000000e4b1fef0, 0x00000000e4bd0000)
  to   space 8576K,   0% used [0x00000000e4bd0000, 0x00000000e4bd0000, 0x00000000e5430000)
 Tenured    total 313220K, used 313067K [0x00000000eaaa0000, 0x00000000fdc81000, 0x0000000100000Event: 12.524 {heap After GC invocations=111 (full 3):
 DefNew     total 77632K, used 1128K [0x00000000e0000000, 0x00000000e5430000, 0x00000000eaaa0000)
  eden space 69056K,   0% used [0x00000000e0000000, 0x00000000e0000000, 0x00000000e4370000)
  from space 8576K,  13% used [0x00000000e4bd0000, 0x00000000e4cea228, 0x00000000e5430000)
  to   space 8576K,   0% used [0x00000000e4370000, 0x00000000e4370000, 0x00000000e4bd0000)
 Tenured    total 313988K, used 313850K [0x00000000eaaa0000, 0x00000000fdd41000, 0x000000010000000Event: 12.952 {heap Before GC invocations=111 (full 3):
 DefNew     total 77632K, used 70184K [0x00000000e0000000, 0x00000000e5430000, 0x00000000eaaa0000)
  eden space 69056K, 100% used [0x00000000e0000000, 0x00000000e4370000, 0x00000000e4370000)
  from space 8576K,  13% used [0x00000000e4bd0000, 0x00000000e4cea228, 0x00000000e5430000)
  to   space 8576K,   0% used [0x00000000e4370000, 0x00000000e4370000, 0x00000000e4bd0000)
 Tenured    total 313988K, used 313850K [0x00000000eaaa0000, 0x00000000fdd41000, 0x0000000100000Event: 12.980 {heap After GC invocations=112 (full 3):
 DefNew     total 77632K, used 8575K [0x00000000e0000000, 0x00000000e5430000, 0x00000000eaaa0000)
  eden space 69056K,   0% used [0x00000000e0000000, 0x00000000e0000000, 0x00000000e4370000)
  from space 8576K,  99% used [0x00000000e4370000, 0x00000000e4bcfff8, 0x00000000e4bd0000)
  to   space 8576K,   0% used [0x00000000e4bd0000, 0x00000000e4bd0000, 0x00000000e5430000)
 Tenured    total 321668K, used 321601K [0x00000000eaaa0000, 0x00000000fe4c1000, 0x000000010000000Event: 13.439 {heap Before GC invocations=112 (full 3):
 DefNew     total 77632K, used 77631K [0x00000000e0000000, 0x00000000e5430000, 0x00000000eaaa0000)
  eden space 69056K, 100% used [0x00000000e0000000, 0x00000000e4370000, 0x00000000e4370000)
  from space 8576K,  99% used [0x00000000e4370000, 0x00000000e4bcfff8, 0x00000000e4bd0000)
  to   space 8576K,   0% used [0x00000000e4bd0000, 0x00000000e4bd0000, 0x00000000e5430000)
 Tenured    total 321668K, used 321601K [0x00000000eaaa0000, 0x00000000fe4c1000, 0x0000000100000Event: 13.464 {heap After GC invocations=113 (full 3):
 DefNew     total 77632K, used 8290K [0x00000000e0000000, 0x00000000e5430000, 0x00000000eaaa0000)
  eden space 69056K,   0% used [0x00000000e0000000, 0x00000000e0000000, 0x00000000e4370000)
  from space 8576K,  96% used [0x00000000e4bd0000, 0x00000000e53e88e8, 0x00000000e5430000)
  to   space 8576K,   0% used [0x00000000e4370000, 0x00000000e4370000, 0x00000000e4bd0000)
 Tenured    total 328772K, used 328759K [0x00000000eaaa0000, 0x00000000febb1000, 0x000000010000000Event: 13.915 {heap Before GC invocations=113 (full 3):
 DefNew     total 77632K, used 66761K [0x00000000e0000000, 0x00000000e5430000, 0x00000000eaaa0000)
  eden space 69056K,  84% used [0x00000000e0000000, 0x00000000e3919ca0, 0x00000000e4370000)
  from space 8576K,  96% used [0x00000000e4bd0000, 0x00000000e53e88e8, 0x00000000e5430000)
  to   space 8576K,   0% used [0x00000000e4370000, 0x00000000e4370000, 0x00000000e4bd0000)
 Tenured    total 328772K, used 328759K [0x00000000eaaa0000, 0x00000000febb1000, 0x0000000100000Event: 15.157 {heap After GC invocations=114 (full 4):
 DefNew     total 77632K, used 0K [0x00000000e0000000, 0x00000000e5430000, 0x00000000eaaa0000)
  eden space 69056K,   0% used [0x00000000e0000000, 0x00000000e0000000, 0x00000000e4370000)
  from space 8576K,   0% used [0x00000000e4bd0000, 0x00000000e4bd0000, 0x00000000e5430000)
  to   space 8576K,   0% used [0x00000000e4370000, 0x00000000e4370000, 0x00000000e4bd0000)
 Tenured    total 328772K, used 83197K [0x00000000eaaa0000, 0x00000000febb1000, 0x0000000100000000)
 Event: 15.772 {heap Before GC invocations=114 (full 4):
 DefNew     total 77632K, used 69056K [0x00000000e0000000, 0x00000000e5430000, 0x00000000eaaa0000)
  eden space 69056K, 100% used [0x00000000e0000000, 0x00000000e4370000, 0x00000000e4370000)
  from space 8576K,   0% used [0x00000000e4bd0000, 0x00000000e4bd0000, 0x00000000e5430000)
  to   space 8576K,   0% used [0x00000000e4370000, 0x00000000e4370000, 0x00000000e4bd0000)
 Tenured    total 328772K, used 83197K [0x00000000eaaa0000, 0x00000000febb1000, 0x00000001000000Event: 15.783 {heap After GC invocations=115 (full 4):
 DefNew     total 77632K, used 6109K [0x00000000e0000000, 0x00000000e5430000, 0x00000000eaaa0000)
  eden space 69056K,   0% used [0x00000000e0000000, 0x00000000e0000000, 0x00000000e4370000)
  from space 8576K,  71% used [0x00000000e4370000, 0x00000000e49677b0, 0x00000000e4bd0000)
  to   space 8576K,   0% used [0x00000000e4bd0000, 0x00000000e4bd0000, 0x00000000e5430000)
 Tenured    total 328772K, used 83197K [0x00000000eaaa0000, 0x00000000febb1000, 0x0000000100000000Event: 16.310 {heap Before GC invocations=115 (full 4):
 DefNew     total 77632K, used 75165K [0x00000000e0000000, 0x00000000e5430000, 0x00000000eaaa0000)
  eden space 69056K, 100% used [0x00000000e0000000, 0x00000000e4370000, 0x00000000e4370000)
  from space 8576K,  71% used [0x00000000e4370000, 0x00000000e49677b0, 0x00000000e4bd0000)
  to   space 8576K,   0% used [0x00000000e4bd0000, 0x00000000e4bd0000, 0x00000000e5430000)
 Tenured    total 328772K, used 83197K [0x00000000eaaa0000, 0x00000000febb1000, 0x00000001000000Event: 16.336 {heap After GC invocations=116 (full 4):
 DefNew     total 77632K, used 8576K [0x00000000e0000000, 0x00000000e5430000, 0x00000000eaaa0000)
  eden space 69056K,   0% used [0x00000000e0000000, 0x00000000e0000000, 0x00000000e4370000)
  from space 8576K, 100% used [0x00000000e4bd0000, 0x00000000e5430000, 0x00000000e5430000)
  to   space 8576K,   0% used [0x00000000e4370000, 0x00000000e4370000, 0x00000000e4bd0000)
 Tenured    total 328772K, used 95019K [0x00000000eaaa0000, 0x00000000febb1000, 0x0000000100000000Event: 16.990 {heap Before GC invocations=116 (full 4):
 DefNew     total 77632K, used 77632K [0x00000000e0000000, 0x00000000e5430000, 0x00000000eaaa0000)
  eden space 69056K, 100% used [0x00000000e0000000, 0x00000000e4370000, 0x00000000e4370000)
  from space 8576K, 100% used [0x00000000e4bd0000, 0x00000000e5430000, 0x00000000e5430000)
  to   space 8576K,   0% used [0x00000000e4370000, 0x00000000e4370000, 0x00000000e4bd0000)
 Tenured    total 328772K, used 95019K [0x00000000eaaa0000, 0x00000000febb1000, 0x00000001000000Event: 17.007 {heap After GC invocations=117 (full 4):
 DefNew     total 77632K, used 5691K [0x00000000e0000000, 0x00000000e5430000, 0x00000000eaaa0000)
  eden space 69056K,   0% used [0x00000000e0000000, 0x00000000e0000000, 0x00000000e4370000)
  from space 8576K,  66% used [0x00000000e4370000, 0x00000000e48fec90, 0x00000000e4bd0000)
  to   space 8576K,   0% used [0x00000000e4bd0000, 0x00000000e4bd0000, 0x00000000e5430000)
 Tenured    total 328772K, used 103553K [0x00000000eaaa0000, 0x00000000febb1000, 0x000000010000000
Metaspace Usage History (20 events):
Event: 11.625 {metaspace Before GC invocations=107 (full 3):
 Metaspace       used 64878K, committed 66624K, reserved 1114112K
  class space    used 9289K, committed 10112K, reserved 1048576K
}
Event: 11.628 {metaspace After GC invocations=108 (full 3):
 Metaspace       used 64878K, committed 66624K, reserved 1114112K
  class space    used 9289K, committed 10112K, reserved 1048576K
}
Event: 11.696 {metaspace Before GC invocations=108 (full 3):
 Metaspace       used 64882K, committed 66624K, reserved 1114112K
  class space    used 9289K, committed 10112K, reserved 1048576K
}
Event: 11.699 {metaspace After GC invocations=109 (full 3):
 Metaspace       used 64882K, committed 66624K, reserved 1114112K
  class space    used 9289K, committed 10112K, reserved 1048576K
}
Event: 12.010 {metaspace Before GC invocations=109 (full 3):
 Metaspace       used 69343K, committed 70976K, reserved 1114112K
  class space    used 10410K, committed 11200K, reserved 1048576K
}
Event: 12.014 {metaspace After GC invocations=110 (full 3):
 Metaspace       used 69343K, committed 70976K, reserved 1114112K
  class space    used 10410K, committed 11200K, reserved 1048576K
}
Event: 12.519 {metaspace Before GC invocations=110 (full 3):
 Metaspace       used 77460K, committed 79168K, reserved 1179648K
  class space    used 11425K, committed 12224K, reserved 1048576K
}
Event: 12.524 {metaspace After GC invocations=111 (full 3):
 Metaspace       used 77460K, committed 79168K, reserved 1179648K
  class space    used 11425K, committed 12224K, reserved 1048576K
}
Event: 12.952 {metaspace Before GC invocations=111 (full 3):
 Metaspace       used 82331K, committed 84032K, reserved 1179648K
  class space    used 12071K, committed 12864K, reserved 1048576K
}
Event: 12.980 {metaspace After GC invocations=112 (full 3):
 Metaspace       used 82331K, committed 84032K, reserved 1179648K
  class space    used 12071K, committed 12864K, reserved 1048576K
}
Event: 13.439 {metaspace Before GC invocations=112 (full 3):
 Metaspace       used 89355K, committed 91136K, reserved 1179648K
  class space    used 12888K, committed 13760K, reserved 1048576K
}
Event: 13.464 {metaspace After GC invocations=113 (full 3):
 Metaspace       used 89355K, committed 91136K, reserved 1179648K
  class space    used 12888K, committed 13760K, reserved 1048576K
}
Event: 13.915 {metaspace Before GC invocations=113 (full 3):
 Metaspace       used 97909K, committed 99648K, reserved 1179648K
  class space    used 13741K, committed 14592K, reserved 1048576K
}
Event: 15.157 {metaspace After GC invocations=114 (full 4):
 Metaspace       used 97909K, committed 99648K, reserved 1179648K
  class space    used 13741K, committed 14592K, reserved 1048576K
}
Event: 15.772 {metaspace Before GC invocations=114 (full 4):
 Metaspace       used 105378K, committed 107200K, reserved 1179648K
  class space    used 14751K, committed 15616K, reserved 1048576K
}
Event: 15.783 {metaspace After GC invocations=115 (full 4):
 Metaspace       used 105378K, committed 107200K, reserved 1179648K
  class space    used 14751K, committed 15616K, reserved 1048576K
}
Event: 16.310 {metaspace Before GC invocations=115 (full 4):
 Metaspace       used 109867K, committed 111616K, reserved 1179648K
  class space    used 15287K, committed 16128K, reserved 1048576K
}
Event: 16.336 {metaspace After GC invocations=116 (full 4):
 Metaspace       used 109867K, committed 111616K, reserved 1179648K
  class space    used 15287K, committed 16128K, reserved 1048576K
}
Event: 16.990 {metaspace Before GC invocations=116 (full 4):
 Metaspace       used 118119K, committed 119936K, reserved 1179648K
  class space    used 16148K, committed 17024K, reserved 1048576K
}
Event: 17.007 {metaspace After GC invocations=117 (full 4):
 Metaspace       used 118119K, committed 119936K, reserved 1179648K
  class space    used 16148K, committed 17024K, reserved 1048576K
}

