# JRE version: OpenJDK Runtime Environment Temurin-25.0.4+7 (25.0.4+7) (build 25.0.4+7-LTS)
# Java VM: OpenJDK 64-Bit Server VM Temurin-25.0.4+7 (25.0.4+7-LTS, mixed mode, sharing, tiered, compressed oops, compressed class ptrs, g1 gc, windows-amd64)
GC Precious Log:
 CardTable entry size: 512
 Card Set container configuration: InlinePtr #cards 5 size 8 Array Of Cards #cards 10 size 36 Howl #buckets 4 coarsen threshold 1843 Howl Bitmap #cards 512 size 80 coarsen threshold 460 Card regions per heap region 1 cards per card region 2048
 CPUs: 8 total, 8 available
 Memory: 16073M
 Large Page Support: Disabled
 NUMA Support: Disabled
 Compressed Oops: Enabled (32-bit)
 Heap Region Size: 1M
 Heap Min Capacity: 8M
 Heap Initial Capacity: 252M
 Heap Max Capacity: 2G
 Pre-touch: Disabled
 Parallel Workers: 8
 Concurrent Workers: 2
 Concurrent Refinement Workers: 8
 Periodic GC: Disabled
Heap:
 garbage-first heap   total reserved 2097152K, committed 227328K, used 145986K [0x0000000080000000, 0x0000000100000000)
  region size 1024K, 18 young (18432K), 6 survivors (6144K)
GC Heap Usage History (20 events):
Event: 8.002 {heap Before GC invocations=33 (full 0):
 garbage-first heap   total reserved 2097152K, committed 174080K, used 149125K [0x0000000080000000, 0x0000000100000000)
  region size 1024K, 98 young (100352K), 13 survivors (13312K)
}
Event: 8.011 {heap After GC invocations=34 (full 0):
 garbage-first heap   total reserved 2097152K, committed 174080K, used 71122K [0x0000000080000000, 0x0000000100000000)
  region size 1024K, 7 young (7168K), 7 survivors (7168K)
}
Event: 8.526 {heap Before GC invocations=35 (full 0):
 garbage-first heap   total reserved 2097152K, committed 174080K, used 152018K [0x0000000080000000, 0x0000000100000000)
  region size 1024K, 85 young (87040K), 7 survivors (7168K)
}
Event: 8.533 {heap After GC invocations=36 (full 0):
 garbage-first heap   total reserved 2097152K, committed 174080K, used 83228K [0x0000000080000000, 0x0000000100000000)
  region size 1024K, 11 young (11264K), 11 survivors (11264K)
}
Event: 9.098 {heap Before GC invocations=36 (full 0):
 garbage-first heap   total reserved 2097152K, committed 174080K, used 149788K [0x0000000080000000, 0x0000000100000000)
  region size 1024K, 76 young (77824K), 11 survivors (11264K)
}
Event: 9.106 {heap After GC invocations=37 (full 0):
 garbage-first heap   total reserved 2097152K, committed 174080K, used 92682K [0x0000000080000000, 0x0000000100000000)
  region size 1024K, 10 young (10240K), 10 survivors (10240K)
}
Event: 9.688 {heap Before GC invocations=37 (full 0):
 garbage-first heap   total reserved 2097152K, committed 174080K, used 151050K [0x0000000080000000, 0x0000000100000000)
  region size 1024K, 68 young (69632K), 10 survivors (10240K)
}
Event: 9.695 {heap After GC invocations=38 (full 0):
 garbage-first heap   total reserved 2097152K, committed 208896K, used 97794K [0x0000000080000000, 0x0000000100000000)
  region size 1024K, 5 young (5120K), 5 survivors (5120K)
}
Event: 10.581 {heap Before GC invocations=39 (full 0):
 garbage-first heap   total reserved 2097152K, committed 208896K, used 180738K [0x0000000080000000, 0x0000000100000000)
  region size 1024K, 87 young (89088K), 5 survivors (5120K)
}
Event: 10.586 {heap After GC invocations=40 (full 0):
 garbage-first heap   total reserved 2097152K, committed 208896K, used 101873K [0x0000000080000000, 0x0000000100000000)
  region size 1024K, 9 young (9216K), 9 survivors (9216K)
}
Event: 11.125 {heap Before GC invocations=40 (full 0):
 garbage-first heap   total reserved 2097152K, committed 208896K, used 184817K [0x0000000080000000, 0x0000000100000000)
  region size 1024K, 90 young (92160K), 9 survivors (9216K)
}
Event: 11.132 {heap After GC invocations=41 (full 0):
 garbage-first heap   total reserved 2097152K, committed 208896K, used 105403K [0x0000000080000000, 0x0000000100000000)
  region size 1024K, 10 young (10240K), 10 survivors (10240K)
}
Event: 11.762 {heap Before GC invocations=41 (full 0):
 garbage-first heap   total reserved 2097152K, committed 208896K, used 186299K [0x0000000080000000, 0x0000000100000000)
  region size 1024K, 89 young (91136K), 10 survivors (10240K)
}
Event: 11.772 {heap After GC invocations=42 (full 0):
 garbage-first heap   total reserved 2097152K, committed 208896K, used 117247K [0x0000000080000000, 0x0000000100000000)
  region size 1024K, 12 young (12288K), 12 survivors (12288K)
}
Event: 11.979 {heap Before GC invocations=43 (full 0):
 garbage-first heap   total reserved 2097152K, committed 208896K, used 182783K [0x0000000080000000, 0x0000000100000000)
  region size 1024K, 75 young (76800K), 12 survivors (12288K)
}
Event: 11.994 {heap After GC invocations=44 (full 0):
 garbage-first heap   total reserved 2097152K, committed 217088K, used 139801K [0x0000000080000000, 0x0000000100000000)
  region size 1024K, 10 young (10240K), 10 survivors (10240K)
}
Event: 12.553 {heap Before GC invocations=44 (full 0):
 garbage-first heap   total reserved 2097152K, committed 217088K, used 185881K [0x0000000080000000, 0x0000000100000000)
  region size 1024K, 56 young (57344K), 10 survivors (10240K)
}
Event: 12.562 {heap After GC invocations=45 (full 0):
 garbage-first heap   total reserved 2097152K, committed 217088K, used 149084K [0x0000000080000000, 0x0000000100000000)
  region size 1024K, 7 young (7168K), 7 survivors (7168K)
}
Event: 14.559 {heap Before GC invocations=45 (full 0):
 garbage-first heap   total reserved 2097152K, committed 217088K, used 190044K [0x0000000080000000, 0x0000000100000000)
  region size 1024K, 47 young (48128K), 7 survivors (7168K)
}
Event: 14.567 {heap After GC invocations=46 (full 0):
 garbage-first heap   total reserved 2097152K, committed 217088K, used 156226K [0x0000000080000000, 0x0000000100000000)
  region size 1024K, 6 young (6144K), 6 survivors (6144K)
}

