# JRE version: OpenJDK Runtime Environment Temurin-25.0.4+7 (25.0.4+7) (build 25.0.4+7-LTS)
# Java VM: OpenJDK 64-Bit Server VM Temurin-25.0.4+7 (25.0.4+7-LTS, mixed mode, sharing, tiered, compressed oops, compressed class ptrs, serial gc, windows-amd64)
GC Precious Log:
 CardTable entry size: 512
 CPUs: 8 total, 8 available
 Memory: 16073M
 Large Page Support: Disabled
 NUMA Support: Disabled
 Compressed Oops: Enabled (32-bit)
 Heap Min Capacity: 8M
 Heap Initial Capacity: 252M
 Heap Max Capacity: 512M
 Pre-touch: Disabled
Heap:
 DefNew     total 77568K, used 4364K [0x00000000e0000000, 0x00000000e5420000, 0x00000000eaaa0000)
  eden space 68992K,   1% used [0x00000000e0000000, 0x00000000e0127b18, 0x00000000e4360000)
  from space 8576K,  37% used [0x00000000e4bc0000, 0x00000000e4edb588, 0x00000000e5420000)
  to   space 8576K,   0% used [0x00000000e4360000, 0x00000000e4360000, 0x00000000e4bc0000)
 Tenured    total 172032K, used 22680K [0x00000000eaaa0000, 0x00000000f52a0000, 0x0000000100000000)
  the  space 172032K,  13% used [0x00000000eaaa0000, 0x00000000ec0c6258, 0x00000000f52a0000)
GC Heap Usage History (6 events):
Event: 0.911 {heap Before GC invocations=0 (full 0):
 DefNew     total 77440K, used 68864K [0x00000000e0000000, 0x00000000e5400000, 0x00000000eaaa0000)
  eden space 68864K, 100% used [0x00000000e0000000, 0x00000000e4340000, 0x00000000e4340000)
  from space 8576K,   0% used [0x00000000e4340000, 0x00000000e4340000, 0x00000000e4ba0000)
  to   space 8576K,   0% used [0x00000000e4ba0000, 0x00000000e4ba0000, 0x00000000e5400000)
 Tenured    total 172032K, used 1174K [0x00000000eaaa0000, 0x00000000f52a0000, 0x0000000100000000)
  the  space 172032K,   0% used [0x00000000eaaa0000, 0x00000000eabc5860, 0x00000000f52a0000)
}
Event: 0.920 {heap After GC invocations=1 (full 0):
 DefNew     total 77440K, used 8575K [0x00000000e0000000, 0x00000000e5400000, 0x00000000eaaa0000)
  eden space 68864K,   0% used [0x00000000e0000000, 0x00000000e0000000, 0x00000000e4340000)
  from space 8576K,  99% used [0x00000000e4ba0000, 0x00000000e53ffff8, 0x00000000e5400000)
  to   space 8576K,   0% used [0x00000000e4340000, 0x00000000e4340000, 0x00000000e4ba0000)
 Tenured    total 172032K, used 7184K [0x00000000eaaa0000, 0x00000000f52a0000, 0x0000000100000000)
  the  space 172032K,   4% used [0x00000000eaaa0000, 0x00000000eb1a4010, 0x00000000f52a0000)
}
Event: 1.825 {heap Before GC invocations=1 (full 0):
 DefNew     total 77440K, used 77439K [0x00000000e0000000, 0x00000000e5400000, 0x00000000eaaa0000)
  eden space 68864K, 100% used [0x00000000e0000000, 0x00000000e4340000, 0x00000000e4340000)
  from space 8576K,  99% used [0x00000000e4ba0000, 0x00000000e53ffff8, 0x00000000e5400000)
  to   space 8576K,   0% used [0x00000000e4340000, 0x00000000e4340000, 0x00000000e4ba0000)
 Tenured    total 172032K, used 7184K [0x00000000eaaa0000, 0x00000000f52a0000, 0x0000000100000000)
  the  space 172032K,   4% used [0x00000000eaaa0000, 0x00000000eb1a4010, 0x00000000f52a0000)
}
Event: 1.842 {heap After GC invocations=2 (full 0):
 DefNew     total 77440K, used 5058K [0x00000000e0000000, 0x00000000e5400000, 0x00000000eaaa0000)
  eden space 68864K,   0% used [0x00000000e0000000, 0x00000000e0000000, 0x00000000e4340000)
  from space 8576K,  58% used [0x00000000e4340000, 0x00000000e4830a58, 0x00000000e4ba0000)
  to   space 8576K,   0% used [0x00000000e4ba0000, 0x00000000e4ba0000, 0x00000000e5400000)
 Tenured    total 172032K, used 15648K [0x00000000eaaa0000, 0x00000000f52a0000, 0x0000000100000000)
  the  space 172032K,   9% used [0x00000000eaaa0000, 0x00000000eb9e8310, 0x00000000f52a0000)
}
Event: 2.254 {heap Before GC invocations=2 (full 0):
 DefNew     total 77440K, used 43373K [0x00000000e0000000, 0x00000000e5400000, 0x00000000eaaa0000)
  eden space 68864K,  55% used [0x00000000e0000000, 0x00000000e256a9b8, 0x00000000e4340000)
  from space 8576K,  58% used [0x00000000e4340000, 0x00000000e4830a58, 0x00000000e4ba0000)
  to   space 8576K,   0% used [0x00000000e4ba0000, 0x00000000e4ba0000, 0x00000000e5400000)
 Tenured    total 172032K, used 15648K [0x00000000eaaa0000, 0x00000000f52a0000, 0x0000000100000000)
  the  space 172032K,   9% used [0x00000000eaaa0000, 0x00000000eb9e8310, 0x00000000f52a0000)
}
Event: 2.285 {heap After GC invocations=3 (full 1):
 DefNew     total 77568K, used 0K [0x00000000e0000000, 0x00000000e5420000, 0x00000000eaaa0000)
  eden space 68992K,   0% used [0x00000000e0000000, 0x00000000e0000000, 0x00000000e4360000)
  from space 8576K,   0% used [0x00000000e4360000, 0x00000000e4360000, 0x00000000e4bc0000)
  to   space 8576K,   0% used [0x00000000e4bc0000, 0x00000000e4bc0000, 0x00000000e5420000)
 Tenured    total 172032K, used 22680K [0x00000000eaaa0000, 0x00000000f52a0000, 0x0000000100000000)
  the  space 172032K,  13% used [0x00000000eaaa0000, 0x00000000ec0c6258, 0x00000000f52a0000)
}

