# JRE version: OpenJDK Runtime Environment (25.0.2) (build 25.0.2+-15348964-b329.117)
# Java VM: OpenJDK 64-Bit Server VM (25.0.2+-15348964-b329.117, mixed mode, tiered, compressed oops, compressed class ptrs, serial gc, windows-amd64)
GC Precious Log:
 CardTable entry size: 512
 CPUs: 8 total, 8 available
 Memory: 16073M
 Large Page Support: Disabled
 NUMA Support: Disabled
 Compressed Oops: Enabled (32-bit)
 Heap Min Capacity: 8M
 Heap Initial Capacity: 252M
 Heap Max Capacity: 512M
 Pre-touch: Disabled
Heap:
 DefNew     total 77632K, used 59485K [0x00000000e0000000, 0x00000000e5430000, 0x00000000eaaa0000)
  eden space 69056K,  77% used [0x00000000e0000000, 0x00000000e344aad0, 0x00000000e4370000)
  from space 8576K,  69% used [0x00000000e4370000, 0x00000000e493cb60, 0x00000000e4bd0000)
  to   space 8576K,   0% used [0x00000000e4bd0000, 0x00000000e4bd0000, 0x00000000e5430000)
 Tenured    total 172032K, used 92069K [0x00000000eaaa0000, 0x00000000f52a0000, 0x0000000100000000)
  the  space 172032K,  53% used [0x00000000eaaa0000, 0x00000000f0489600, 0x00000000f52a0000)
GC Heap Usage History (20 events):
Event: 2.928 {heap Before GC invocations=4 (full 2):
 DefNew     total 77568K, used 68992K [0x00000000e0000000, 0x00000000e5420000, 0x00000000eaaa0000)
  eden space 68992K, 100% used [0x00000000e0000000, 0x00000000e4360000, 0x00000000e4360000)
  from space 8576K,   0% used [0x00000000e4360000, 0x00000000e4360000, 0x00000000e4bc0000)
  to   space 8576K,   0% used [0x00000000e4bc0000, 0x00000000e4bc0000, 0x00000000e5420000)
 Tenured    total 172032K, used 23688K [0x00000000eaaa0000, 0x00000000f52a0000, 0x0000000100000000Event: 2.949 {heap After GC invocations=5 (full 2):
 DefNew     total 77568K, used 8575K [0x00000000e0000000, 0x00000000e5420000, 0x00000000eaaa0000)
  eden space 68992K,   0% used [0x00000000e0000000, 0x00000000e0000000, 0x00000000e4360000)
  from space 8576K,  99% used [0x00000000e4bc0000, 0x00000000e541fff8, 0x00000000e5420000)
  to   space 8576K,   0% used [0x00000000e4360000, 0x00000000e4360000, 0x00000000e4bc0000)
 Tenured    total 172032K, used 36800K [0x00000000eaaa0000, 0x00000000f52a0000, 0x0000000100000000)
Event: 4.092 {heap Before GC invocations=5 (full 2):
 DefNew     total 77568K, used 77567K [0x00000000e0000000, 0x00000000e5420000, 0x00000000eaaa0000)
  eden space 68992K, 100% used [0x00000000e0000000, 0x00000000e4360000, 0x00000000e4360000)
  from space 8576K,  99% used [0x00000000e4bc0000, 0x00000000e541fff8, 0x00000000e5420000)
  to   space 8576K,   0% used [0x00000000e4360000, 0x00000000e4360000, 0x00000000e4bc0000)
 Tenured    total 172032K, used 36800K [0x00000000eaaa0000, 0x00000000f52a0000, 0x0000000100000000Event: 4.117 {heap After GC invocations=6 (full 2):
 DefNew     total 77568K, used 4050K [0x00000000e0000000, 0x00000000e5420000, 0x00000000eaaa0000)
  eden space 68992K,   0% used [0x00000000e0000000, 0x00000000e0000000, 0x00000000e4360000)
  from space 8576K,  47% used [0x00000000e4360000, 0x00000000e4754ba0, 0x00000000e4bc0000)
  to   space 8576K,   0% used [0x00000000e4bc0000, 0x00000000e4bc0000, 0x00000000e5420000)
 Tenured    total 172032K, used 45344K [0x00000000eaaa0000, 0x00000000f52a0000, 0x0000000100000000)
Event: 5.375 {heap Before GC invocations=6 (full 2):
 DefNew     total 77568K, used 73042K [0x00000000e0000000, 0x00000000e5420000, 0x00000000eaaa0000)
  eden space 68992K, 100% used [0x00000000e0000000, 0x00000000e4360000, 0x00000000e4360000)
  from space 8576K,  47% used [0x00000000e4360000, 0x00000000e4754ba0, 0x00000000e4bc0000)
  to   space 8576K,   0% used [0x00000000e4bc0000, 0x00000000e4bc0000, 0x00000000e5420000)
 Tenured    total 172032K, used 45344K [0x00000000eaaa0000, 0x00000000f52a0000, 0x0000000100000000Event: 5.396 {heap After GC invocations=7 (full 2):
 DefNew     total 77568K, used 8211K [0x00000000e0000000, 0x00000000e5420000, 0x00000000eaaa0000)
  eden space 68992K,   0% used [0x00000000e0000000, 0x00000000e0000000, 0x00000000e4360000)
  from space 8576K,  95% used [0x00000000e4bc0000, 0x00000000e53c4f68, 0x00000000e5420000)
  to   space 8576K,   0% used [0x00000000e4360000, 0x00000000e4360000, 0x00000000e4bc0000)
 Tenured    total 172032K, used 45344K [0x00000000eaaa0000, 0x00000000f52a0000, 0x0000000100000000)
Event: 5.934 {heap Before GC invocations=7 (full 2):
 DefNew     total 77568K, used 40761K [0x00000000e0000000, 0x00000000e5420000, 0x00000000eaaa0000)
  eden space 68992K,  47% used [0x00000000e0000000, 0x00000000e1fc9580, 0x00000000e4360000)
  from space 8576K,  95% used [0x00000000e4bc0000, 0x00000000e53c4f68, 0x00000000e5420000)
  to   space 8576K,   0% used [0x00000000e4360000, 0x00000000e4360000, 0x00000000e4bc0000)
 Tenured    total 172032K, used 45344K [0x00000000eaaa0000, 0x00000000f52a0000, 0x0000000100000000Event: 6.059 {heap After GC invocations=8 (full 3):
 DefNew     total 77632K, used 0K [0x00000000e0000000, 0x00000000e5430000, 0x00000000eaaa0000)
  eden space 69056K,   0% used [0x00000000e0000000, 0x00000000e0000000, 0x00000000e4370000)
  from space 8576K,   0% used [0x00000000e4370000, 0x00000000e4370000, 0x00000000e4bd0000)
  to   space 8576K,   0% used [0x00000000e4bd0000, 0x00000000e4bd0000, 0x00000000e5430000)
 Tenured    total 172032K, used 58007K [0x00000000eaaa0000, 0x00000000f52a0000, 0x0000000100000000)
  tEvent: 7.139 {heap Before GC invocations=8 (full 3):
 DefNew     total 77632K, used 69056K [0x00000000e0000000, 0x00000000e5430000, 0x00000000eaaa0000)
  eden space 69056K, 100% used [0x00000000e0000000, 0x00000000e4370000, 0x00000000e4370000)
  from space 8576K,   0% used [0x00000000e4370000, 0x00000000e4370000, 0x00000000e4bd0000)
  to   space 8576K,   0% used [0x00000000e4bd0000, 0x00000000e4bd0000, 0x00000000e5430000)
 Tenured    total 172032K, used 58007K [0x00000000eaaa0000, 0x00000000f52a0000, 0x0000000100000000Event: 7.146 {heap After GC invocations=9 (full 3):
 DefNew     total 77632K, used 2319K [0x00000000e0000000, 0x00000000e5430000, 0x00000000eaaa0000)
  eden space 69056K,   0% used [0x00000000e0000000, 0x00000000e0000000, 0x00000000e4370000)
  from space 8576K,  27% used [0x00000000e4bd0000, 0x00000000e4e13e78, 0x00000000e5430000)
  to   space 8576K,   0% used [0x00000000e4370000, 0x00000000e4370000, 0x00000000e4bd0000)
 Tenured    total 172032K, used 58007K [0x00000000eaaa0000, 0x00000000f52a0000, 0x0000000100000000)
Event: 8.044 {heap Before GC invocations=9 (full 3):
 DefNew     total 77632K, used 71375K [0x00000000e0000000, 0x00000000e5430000, 0x00000000eaaa0000)
  eden space 69056K, 100% used [0x00000000e0000000, 0x00000000e4370000, 0x00000000e4370000)
  from space 8576K,  27% used [0x00000000e4bd0000, 0x00000000e4e13e78, 0x00000000e5430000)
  to   space 8576K,   0% used [0x00000000e4370000, 0x00000000e4370000, 0x00000000e4bd0000)
 Tenured    total 172032K, used 58007K [0x00000000eaaa0000, 0x00000000f52a0000, 0x0000000100000000Event: 8.059 {heap After GC invocations=10 (full 3):
 DefNew     total 77632K, used 7350K [0x00000000e0000000, 0x00000000e5430000, 0x00000000eaaa0000)
  eden space 69056K,   0% used [0x00000000e0000000, 0x00000000e0000000, 0x00000000e4370000)
  from space 8576K,  85% used [0x00000000e4370000, 0x00000000e4a9db90, 0x00000000e4bd0000)
  to   space 8576K,   0% used [0x00000000e4bd0000, 0x00000000e4bd0000, 0x00000000e5430000)
 Tenured    total 172032K, used 58007K [0x00000000eaaa0000, 0x00000000f52a0000, 0x0000000100000000)Event: 8.759 {heap Before GC invocations=10 (full 3):
 DefNew     total 77632K, used 76393K [0x00000000e0000000, 0x00000000e5430000, 0x00000000eaaa0000)
  eden space 69056K,  99% used [0x00000000e0000000, 0x00000000e436c998, 0x00000000e4370000)
  from space 8576K,  85% used [0x00000000e4370000, 0x00000000e4a9db90, 0x00000000e4bd0000)
  to   space 8576K,   0% used [0x00000000e4bd0000, 0x00000000e4bd0000, 0x00000000e5430000)
 Tenured    total 172032K, used 58007K [0x00000000eaaa0000, 0x00000000f52a0000, 0x000000010000000Event: 8.785 {heap After GC invocations=11 (full 3):
 DefNew     total 77632K, used 3238K [0x00000000e0000000, 0x00000000e5430000, 0x00000000eaaa0000)
  eden space 69056K,   0% used [0x00000000e0000000, 0x00000000e0000000, 0x00000000e4370000)
  from space 8576K,  37% used [0x00000000e4bd0000, 0x00000000e4ef98b8, 0x00000000e5430000)
  to   space 8576K,   0% used [0x00000000e4370000, 0x00000000e4370000, 0x00000000e4bd0000)
 Tenured    total 172032K, used 64993K [0x00000000eaaa0000, 0x00000000f52a0000, 0x0000000100000000)Event: 9.058 {heap Before GC invocations=11 (full 3):
 DefNew     total 77632K, used 72294K [0x00000000e0000000, 0x00000000e5430000, 0x00000000eaaa0000)
  eden space 69056K, 100% used [0x00000000e0000000, 0x00000000e4370000, 0x00000000e4370000)
  from space 8576K,  37% used [0x00000000e4bd0000, 0x00000000e4ef98b8, 0x00000000e5430000)
  to   space 8576K,   0% used [0x00000000e4370000, 0x00000000e4370000, 0x00000000e4bd0000)
 Tenured    total 172032K, used 64993K [0x00000000eaaa0000, 0x00000000f52a0000, 0x000000010000000Event: 9.082 {heap After GC invocations=12 (full 3):
 DefNew     total 77632K, used 8262K [0x00000000e0000000, 0x00000000e5430000, 0x00000000eaaa0000)
  eden space 69056K,   0% used [0x00000000e0000000, 0x00000000e0000000, 0x00000000e4370000)
  from space 8576K,  96% used [0x00000000e4370000, 0x00000000e4b818a0, 0x00000000e4bd0000)
  to   space 8576K,   0% used [0x00000000e4bd0000, 0x00000000e4bd0000, 0x00000000e5430000)
 Tenured    total 172032K, used 64993K [0x00000000eaaa0000, 0x00000000f52a0000, 0x0000000100000000)Event: 10.018 {heap Before GC invocations=12 (full 3):
 DefNew     total 77632K, used 77318K [0x00000000e0000000, 0x00000000e5430000, 0x00000000eaaa0000)
  eden space 69056K, 100% used [0x00000000e0000000, 0x00000000e4370000, 0x00000000e4370000)
  from space 8576K,  96% used [0x00000000e4370000, 0x00000000e4b818a0, 0x00000000e4bd0000)
  to   space 8576K,   0% used [0x00000000e4bd0000, 0x00000000e4bd0000, 0x00000000e5430000)
 Tenured    total 172032K, used 64993K [0x00000000eaaa0000, 0x00000000f52a0000, 0x000000010000000Event: 10.057 {heap After GC invocations=13 (full 3):
 DefNew     total 77632K, used 8575K [0x00000000e0000000, 0x00000000e5430000, 0x00000000eaaa0000)
  eden space 69056K,   0% used [0x00000000e0000000, 0x00000000e0000000, 0x00000000e4370000)
  from space 8576K,  99% used [0x00000000e4bd0000, 0x00000000e542fff8, 0x00000000e5430000)
  to   space 8576K,   0% used [0x00000000e4370000, 0x00000000e4370000, 0x00000000e4bd0000)
 Tenured    total 172032K, used 83508K [0x00000000eaaa0000, 0x00000000f52a0000, 0x0000000100000000)Event: 11.057 {heap Before GC invocations=13 (full 3):
 DefNew     total 77632K, used 77631K [0x00000000e0000000, 0x00000000e5430000, 0x00000000eaaa0000)
  eden space 69056K, 100% used [0x00000000e0000000, 0x00000000e4370000, 0x00000000e4370000)
  from space 8576K,  99% used [0x00000000e4bd0000, 0x00000000e542fff8, 0x00000000e5430000)
  to   space 8576K,   0% used [0x00000000e4370000, 0x00000000e4370000, 0x00000000e4bd0000)
 Tenured    total 172032K, used 83508K [0x00000000eaaa0000, 0x00000000f52a0000, 0x000000010000000Event: 11.076 {heap After GC invocations=14 (full 3):
 DefNew     total 77632K, used 5938K [0x00000000e0000000, 0x00000000e5430000, 0x00000000eaaa0000)
  eden space 69056K,   0% used [0x00000000e0000000, 0x00000000e0000000, 0x00000000e4370000)
  from space 8576K,  69% used [0x00000000e4370000, 0x00000000e493cb60, 0x00000000e4bd0000)
  to   space 8576K,   0% used [0x00000000e4bd0000, 0x00000000e4bd0000, 0x00000000e5430000)
 Tenured    total 172032K, used 92069K [0x00000000eaaa0000, 0x00000000f52a0000, 0x0000000100000000)
Metaspace Usage History (20 events):
Event: 2.928 {metaspace Before GC invocations=4 (full 2):
 Metaspace       used 41100K, committed 42048K, reserved 1114112K
  class space    used 5808K, committed 6272K, reserved 1048576K
}
Event: 2.949 {metaspace After GC invocations=5 (full 2):
 Metaspace       used 41100K, committed 42048K, reserved 1114112K
  class space    used 5808K, committed 6272K, reserved 1048576K
}
Event: 4.092 {metaspace Before GC invocations=5 (full 2):
 Metaspace       used 49515K, committed 50816K, reserved 1114112K
  class space    used 7131K, committed 7744K, reserved 1048576K
}
Event: 4.117 {metaspace After GC invocations=6 (full 2):
 Metaspace       used 49515K, committed 50816K, reserved 1114112K
  class space    used 7131K, committed 7744K, reserved 1048576K
}
Event: 5.375 {metaspace Before GC invocations=6 (full 2):
 Metaspace       used 56786K, committed 58304K, reserved 1114112K
  class space    used 8387K, committed 9088K, reserved 1048576K
}
Event: 5.396 {metaspace After GC invocations=7 (full 2):
 Metaspace       used 56786K, committed 58304K, reserved 1114112K
  class space    used 8387K, committed 9088K, reserved 1048576K
}
Event: 5.934 {metaspace Before GC invocations=7 (full 2):
 Metaspace       used 58222K, committed 59776K, reserved 1114112K
  class space    used 8559K, committed 9280K, reserved 1048576K
}
Event: 6.059 {metaspace After GC invocations=8 (full 3):
 Metaspace       used 58222K, committed 59776K, reserved 1114112K
  class space    used 8559K, committed 9280K, reserved 1048576K
}
Event: 7.139 {metaspace Before GC invocations=8 (full 3):
 Metaspace       used 65398K, committed 67072K, reserved 1114112K
  class space    used 9688K, committed 10432K, reserved 1048576K
}
Event: 7.146 {metaspace After GC invocations=9 (full 3):
 Metaspace       used 65398K, committed 67072K, reserved 1114112K
  class space    used 9688K, committed 10432K, reserved 1048576K
}
Event: 8.044 {metaspace Before GC invocations=9 (full 3):
 Metaspace       used 72517K, committed 74304K, reserved 1114112K
  class space    used 10871K, committed 11712K, reserved 1048576K
}
Event: 8.059 {metaspace After GC invocations=10 (full 3):
 Metaspace       used 72517K, committed 74304K, reserved 1114112K
  class space    used 10871K, committed 11712K, reserved 1048576K
}
Event: 8.759 {metaspace Before GC invocations=10 (full 3):
 Metaspace       used 73122K, committed 75008K, reserved 1114112K
  class space    used 10882K, committed 11776K, reserved 1048576K
}
Event: 8.785 {metaspace After GC invocations=11 (full 3):
 Metaspace       used 73122K, committed 75008K, reserved 1114112K
  class space    used 10882K, committed 11776K, reserved 1048576K
}
Event: 9.058 {metaspace Before GC invocations=11 (full 3):
 Metaspace       used 73252K, committed 75136K, reserved 1114112K
  class space    used 10900K, committed 11776K, reserved 1048576K
}
Event: 9.082 {metaspace After GC invocations=12 (full 3):
 Metaspace       used 73252K, committed 75136K, reserved 1114112K
  class space    used 10900K, committed 11776K, reserved 1048576K
}
Event: 10.018 {metaspace Before GC invocations=12 (full 3):
 Metaspace       used 76377K, committed 78272K, reserved 1179648K
  class space    used 11340K, committed 12224K, reserved 1048576K
}
Event: 10.057 {metaspace After GC invocations=13 (full 3):
 Metaspace       used 76377K, committed 78272K, reserved 1179648K
  class space    used 11340K, committed 12224K, reserved 1048576K
}
Event: 11.057 {metaspace Before GC invocations=13 (full 3):
 Metaspace       used 83179K, committed 85184K, reserved 1179648K
  class space    used 12242K, committed 13184K, reserved 1048576K
}
Event: 11.076 {metaspace After GC invocations=14 (full 3):
 Metaspace       used 83179K, committed 85184K, reserved 1179648K
  class space    used 12242K, committed 13184K, reserved 1048576K
}

