# JRE version: OpenJDK Runtime Environment (25.0.2) (build 25.0.2+-15348964-b329.117)
# Java VM: OpenJDK 64-Bit Server VM (25.0.2+-15348964-b329.117, mixed mode, tiered, compressed oops, compressed class ptrs, g1 gc, windows-amd64)
GC Precious Log:
 CardTable entry size: 512
 Card Set container configuration: InlinePtr #cards 5 size 8 Array Of Cards #cards 10 size 36 Howl #buckets 4 coarsen threshold 1843 Howl Bitmap #cards 512 size 80 coarsen threshold 460 Card regions per heap region 1 cards per card region 2048
 CPUs: 8 total, 8 available
 Memory: 16073M
 Large Page Support: Disabled
 NUMA Support: Disabled
 Compressed Oops: Enabled (32-bit)
 Heap Region Size: 1M
 Heap Min Capacity: 8M
 Heap Initial Capacity: 252M
 Heap Max Capacity: 2G
 Pre-touch: Disabled
 Parallel Workers: 8
 Concurrent Workers: 2
 Concurrent Refinement Workers: 8
 Periodic GC: Disabled
Heap:
 garbage-first heap   total reserved 2097152K, committed 138240K, used 69125K [0x0000000080000000, 0x0000000100000000)
  region size 1024K, 6 young (6144K), 4 survivors (4096K)
GC Heap Usage History (20 events):
Event: 1.963 {heap Before GC invocations=5 (full 0):
 garbage-first heap   total reserved 2097152K, committed 89088K, used 30445K [0x0000000080000000, 0x0000000100000000)
  region size 1024K, 12 young (12288K), 6 survivors (6144K)
}
Event: 1.966 {heap After GC invocations=6 (full 0):
 garbage-first heap   total reserved 2097152K, committed 89088K, used 26843K [0x0000000080000000, 0x0000000100000000)
  region size 1024K, 4 young (4096K), 4 survivors (4096K)
}
Event: 2.901 {heap Before GC invocations=7 (full 0):
 garbage-first heap   total reserved 2097152K, committed 89088K, used 75995K [0x0000000080000000, 0x0000000100000000)
  region size 1024K, 45 young (46080K), 4 survivors (4096K)
}
Event: 2.905 {heap After GC invocations=8 (full 0):
 garbage-first heap   total reserved 2097152K, committed 89088K, used 39946K [0x0000000080000000, 0x0000000100000000)
  region size 1024K, 6 young (6144K), 6 survivors (6144K)
}
Event: 3.175 {heap Before GC invocations=8 (full 0):
 garbage-first heap   total reserved 2097152K, committed 89088K, used 81930K [0x0000000080000000, 0x0000000100000000)
  region size 1024K, 38 young (38912K), 6 survivors (6144K)
}
Event: 3.179 {heap After GC invocations=9 (full 0):
 garbage-first heap   total reserved 2097152K, committed 95232K, used 52796K [0x0000000080000000, 0x0000000100000000)
  region size 1024K, 5 young (5120K), 5 survivors (5120K)
}
Event: 3.384 {heap Before GC invocations=9 (full 0):
 garbage-first heap   total reserved 2097152K, committed 95232K, used 82492K [0x0000000080000000, 0x0000000100000000)
  region size 1024K, 34 young (34816K), 5 survivors (5120K)
}
Event: 3.387 {heap After GC invocations=10 (full 0):
 garbage-first heap   total reserved 2097152K, committed 114688K, used 53946K [0x0000000080000000, 0x0000000100000000)
  region size 1024K, 2 young (2048K), 2 survivors (2048K)
}
Event: 3.653 {heap Before GC invocations=11 (full 0):
 garbage-first heap   total reserved 2097152K, committed 114688K, used 95930K [0x0000000080000000, 0x0000000100000000)
  region size 1024K, 44 young (45056K), 2 survivors (2048K)
}
Event: 3.656 {heap After GC invocations=12 (full 0):
 garbage-first heap   total reserved 2097152K, committed 114688K, used 57195K [0x0000000080000000, 0x0000000100000000)
  region size 1024K, 5 young (5120K), 5 survivors (5120K)
}
Event: 4.034 {heap Before GC invocations=12 (full 0):
 garbage-first heap   total reserved 2097152K, committed 114688K, used 99179K [0x0000000080000000, 0x0000000100000000)
  region size 1024K, 46 young (47104K), 5 survivors (5120K)
}
Event: 4.038 {heap After GC invocations=13 (full 0):
 garbage-first heap   total reserved 2097152K, committed 114688K, used 59146K [0x0000000080000000, 0x0000000100000000)
  region size 1024K, 6 young (6144K), 6 survivors (6144K)
}
Event: 4.390 {heap Before GC invocations=13 (full 0):
 garbage-first heap   total reserved 2097152K, committed 114688K, used 101130K [0x0000000080000000, 0x0000000100000000)
  region size 1024K, 47 young (48128K), 6 survivors (6144K)
}
Event: 4.395 {heap After GC invocations=14 (full 0):
 garbage-first heap   total reserved 2097152K, committed 114688K, used 62389K [0x0000000080000000, 0x0000000100000000)
  region size 1024K, 6 young (6144K), 6 survivors (6144K)
}
Event: 4.725 {heap Before GC invocations=15 (full 0):
 garbage-first heap   total reserved 2097152K, committed 114688K, used 102325K [0x0000000080000000, 0x0000000100000000)
  region size 1024K, 45 young (46080K), 6 survivors (6144K)
}
Event: 4.730 {heap After GC invocations=16 (full 0):
 garbage-first heap   total reserved 2097152K, committed 114688K, used 65182K [0x0000000080000000, 0x0000000100000000)
  region size 1024K, 3 young (3072K), 3 survivors (3072K)
}
Event: 4.923 {heap Before GC invocations=16 (full 0):
 garbage-first heap   total reserved 2097152K, committed 114688K, used 103070K [0x0000000080000000, 0x0000000100000000)
  region size 1024K, 40 young (40960K), 3 survivors (3072K)
}
Event: 4.926 {heap After GC invocations=17 (full 0):
 garbage-first heap   total reserved 2097152K, committed 114688K, used 65934K [0x0000000080000000, 0x0000000100000000)
  region size 1024K, 4 young (4096K), 4 survivors (4096K)
}
Event: 5.096 {heap Before GC invocations=17 (full 0):
 garbage-first heap   total reserved 2097152K, committed 114688K, used 103822K [0x0000000080000000, 0x0000000100000000)
  region size 1024K, 42 young (43008K), 4 survivors (4096K)
}
Event: 5.843 {heap After GC invocations=18 (full 0):
 garbage-first heap   total reserved 2097152K, committed 138240K, used 68101K [0x0000000080000000, 0x0000000100000000)
  region size 1024K, 4 young (4096K), 4 survivors (4096K)
}

