# JRE version: OpenJDK Runtime Environment (25.0.2) (build 25.0.2+-15348964-b329.117)
# Java VM: OpenJDK 64-Bit Server VM (25.0.2+-15348964-b329.117, mixed mode, tiered, compressed oops, compressed class ptrs, serial gc, windows-amd64)
GC Precious Log:
 CardTable entry size: 512
 CPUs: 8 total, 8 available
 Memory: 16073M
 Large Page Support: Disabled
 NUMA Support: Disabled
 Compressed Oops: Enabled (32-bit)
 Heap Min Capacity: 8M
 Heap Initial Capacity: 252M
 Heap Max Capacity: 512M
 Pre-touch: Disabled
Heap:
 DefNew     total 77632K, used 6778K [0x00000000e0000000, 0x00000000e5430000, 0x00000000eaaa0000)
  eden space 69056K,   9% used [0x00000000e0000000, 0x00000000e069e908, 0x00000000e4370000)
  from space 8576K,   0% used [0x00000000e4370000, 0x00000000e4370000, 0x00000000e4bd0000)
  to   space 8576K,   0% used [0x00000000e4bd0000, 0x00000000e4bd0000, 0x00000000e5430000)
 Tenured    total 172032K, used 87807K [0x00000000eaaa0000, 0x00000000f52a0000, 0x0000000100000000)
  the  space 172032K,  51% used [0x00000000eaaa0000, 0x00000000f005fc48, 0x00000000f52a0000)
GC Heap Usage History (20 events):
Event: 2.143 {heap Before GC invocations=3 (full 1):
 DefNew     total 77504K, used 28963K [0x00000000e0000000, 0x00000000e5410000, 0x00000000eaaa0000)
  eden space 68928K,  36% used [0x00000000e0000000, 0x00000000e18c88c8, 0x00000000e4350000)
  from space 8576K,  41% used [0x00000000e4bb0000, 0x00000000e4f30400, 0x00000000e5410000)
  to   space 8576K,   0% used [0x00000000e4350000, 0x00000000e4350000, 0x00000000e4bb0000)
 Tenured    total 172032K, used 18432K [0x00000000eaaa0000, 0x00000000f52a0000, 0x0000000100000000Event: 2.173 {heap After GC invocations=4 (full 2):
 DefNew     total 77568K, used 0K [0x00000000e0000000, 0x00000000e5420000, 0x00000000eaaa0000)
  eden space 68992K,   0% used [0x00000000e0000000, 0x00000000e0000000, 0x00000000e4360000)
  from space 8576K,   0% used [0x00000000e4360000, 0x00000000e4360000, 0x00000000e4bc0000)
  to   space 8576K,   0% used [0x00000000e4bc0000, 0x00000000e4bc0000, 0x00000000e5420000)
 Tenured    total 172032K, used 23680K [0x00000000eaaa0000, 0x00000000f52a0000, 0x0000000100000000)
  tEvent: 2.662 {heap Before GC invocations=4 (full 2):
 DefNew     total 77568K, used 68992K [0x00000000e0000000, 0x00000000e5420000, 0x00000000eaaa0000)
  eden space 68992K, 100% used [0x00000000e0000000, 0x00000000e4360000, 0x00000000e4360000)
  from space 8576K,   0% used [0x00000000e4360000, 0x00000000e4360000, 0x00000000e4bc0000)
  to   space 8576K,   0% used [0x00000000e4bc0000, 0x00000000e4bc0000, 0x00000000e5420000)
 Tenured    total 172032K, used 23680K [0x00000000eaaa0000, 0x00000000f52a0000, 0x0000000100000000Event: 2.672 {heap After GC invocations=5 (full 2):
 DefNew     total 77568K, used 8575K [0x00000000e0000000, 0x00000000e5420000, 0x00000000eaaa0000)
  eden space 68992K,   0% used [0x00000000e0000000, 0x00000000e0000000, 0x00000000e4360000)
  from space 8576K,  99% used [0x00000000e4bc0000, 0x00000000e541fff8, 0x00000000e5420000)
  to   space 8576K,   0% used [0x00000000e4360000, 0x00000000e4360000, 0x00000000e4bc0000)
 Tenured    total 172032K, used 36199K [0x00000000eaaa0000, 0x00000000f52a0000, 0x0000000100000000)
Event: 3.208 {heap Before GC invocations=5 (full 2):
 DefNew     total 77568K, used 77567K [0x00000000e0000000, 0x00000000e5420000, 0x00000000eaaa0000)
  eden space 68992K, 100% used [0x00000000e0000000, 0x00000000e4360000, 0x00000000e4360000)
  from space 8576K,  99% used [0x00000000e4bc0000, 0x00000000e541fff8, 0x00000000e5420000)
  to   space 8576K,   0% used [0x00000000e4360000, 0x00000000e4360000, 0x00000000e4bc0000)
 Tenured    total 172032K, used 36199K [0x00000000eaaa0000, 0x00000000f52a0000, 0x0000000100000000Event: 3.219 {heap After GC invocations=6 (full 2):
 DefNew     total 77568K, used 4019K [0x00000000e0000000, 0x00000000e5420000, 0x00000000eaaa0000)
  eden space 68992K,   0% used [0x00000000e0000000, 0x00000000e0000000, 0x00000000e4360000)
  from space 8576K,  46% used [0x00000000e4360000, 0x00000000e474cc10, 0x00000000e4bc0000)
  to   space 8576K,   0% used [0x00000000e4bc0000, 0x00000000e4bc0000, 0x00000000e5420000)
 Tenured    total 172032K, used 44724K [0x00000000eaaa0000, 0x00000000f52a0000, 0x0000000100000000)
Event: 3.811 {heap Before GC invocations=6 (full 2):
 DefNew     total 77568K, used 73011K [0x00000000e0000000, 0x00000000e5420000, 0x00000000eaaa0000)
  eden space 68992K, 100% used [0x00000000e0000000, 0x00000000e4360000, 0x00000000e4360000)
  from space 8576K,  46% used [0x00000000e4360000, 0x00000000e474cc10, 0x00000000e4bc0000)
  to   space 8576K,   0% used [0x00000000e4bc0000, 0x00000000e4bc0000, 0x00000000e5420000)
 Tenured    total 172032K, used 44724K [0x00000000eaaa0000, 0x00000000f52a0000, 0x0000000100000000Event: 3.825 {heap After GC invocations=7 (full 2):
 DefNew     total 77568K, used 7849K [0x00000000e0000000, 0x00000000e5420000, 0x00000000eaaa0000)
  eden space 68992K,   0% used [0x00000000e0000000, 0x00000000e0000000, 0x00000000e4360000)
  from space 8576K,  91% used [0x00000000e4bc0000, 0x00000000e536a4c0, 0x00000000e5420000)
  to   space 8576K,   0% used [0x00000000e4360000, 0x00000000e4360000, 0x00000000e4bc0000)
 Tenured    total 172032K, used 44724K [0x00000000eaaa0000, 0x00000000f52a0000, 0x0000000100000000)
Event: 4.094 {heap Before GC invocations=7 (full 2):
 DefNew     total 77568K, used 40669K [0x00000000e0000000, 0x00000000e5420000, 0x00000000eaaa0000)
  eden space 68992K,  47% used [0x00000000e0000000, 0x00000000e200d170, 0x00000000e4360000)
  from space 8576K,  91% used [0x00000000e4bc0000, 0x00000000e536a4c0, 0x00000000e5420000)
  to   space 8576K,   0% used [0x00000000e4360000, 0x00000000e4360000, 0x00000000e4bc0000)
 Tenured    total 172032K, used 44724K [0x00000000eaaa0000, 0x00000000f52a0000, 0x0000000100000000Event: 4.151 {heap After GC invocations=8 (full 3):
 DefNew     total 77632K, used 0K [0x00000000e0000000, 0x00000000e5430000, 0x00000000eaaa0000)
  eden space 69056K,   0% used [0x00000000e0000000, 0x00000000e0000000, 0x00000000e4370000)
  from space 8576K,   0% used [0x00000000e4370000, 0x00000000e4370000, 0x00000000e4bd0000)
  to   space 8576K,   0% used [0x00000000e4bd0000, 0x00000000e4bd0000, 0x00000000e5430000)
 Tenured    total 172032K, used 56533K [0x00000000eaaa0000, 0x00000000f52a0000, 0x0000000100000000)
  tEvent: 4.665 {heap Before GC invocations=8 (full 3):
 DefNew     total 77632K, used 69056K [0x00000000e0000000, 0x00000000e5430000, 0x00000000eaaa0000)
  eden space 69056K, 100% used [0x00000000e0000000, 0x00000000e4370000, 0x00000000e4370000)
  from space 8576K,   0% used [0x00000000e4370000, 0x00000000e4370000, 0x00000000e4bd0000)
  to   space 8576K,   0% used [0x00000000e4bd0000, 0x00000000e4bd0000, 0x00000000e5430000)
 Tenured    total 172032K, used 56533K [0x00000000eaaa0000, 0x00000000f52a0000, 0x0000000100000000Event: 4.670 {heap After GC invocations=9 (full 3):
 DefNew     total 77632K, used 2059K [0x00000000e0000000, 0x00000000e5430000, 0x00000000eaaa0000)
  eden space 69056K,   0% used [0x00000000e0000000, 0x00000000e0000000, 0x00000000e4370000)
  from space 8576K,  24% used [0x00000000e4bd0000, 0x00000000e4dd2d38, 0x00000000e5430000)
  to   space 8576K,   0% used [0x00000000e4370000, 0x00000000e4370000, 0x00000000e4bd0000)
 Tenured    total 172032K, used 56533K [0x00000000eaaa0000, 0x00000000f52a0000, 0x0000000100000000)
Event: 5.221 {heap Before GC invocations=9 (full 3):
 DefNew     total 77632K, used 71115K [0x00000000e0000000, 0x00000000e5430000, 0x00000000eaaa0000)
  eden space 69056K, 100% used [0x00000000e0000000, 0x00000000e4370000, 0x00000000e4370000)
  from space 8576K,  24% used [0x00000000e4bd0000, 0x00000000e4dd2d38, 0x00000000e5430000)
  to   space 8576K,   0% used [0x00000000e4370000, 0x00000000e4370000, 0x00000000e4bd0000)
 Tenured    total 172032K, used 56533K [0x00000000eaaa0000, 0x00000000f52a0000, 0x0000000100000000Event: 5.231 {heap After GC invocations=10 (full 3):
 DefNew     total 77632K, used 6423K [0x00000000e0000000, 0x00000000e5430000, 0x00000000eaaa0000)
  eden space 69056K,   0% used [0x00000000e0000000, 0x00000000e0000000, 0x00000000e4370000)
  from space 8576K,  74% used [0x00000000e4370000, 0x00000000e49b5fc0, 0x00000000e4bd0000)
  to   space 8576K,   0% used [0x00000000e4bd0000, 0x00000000e4bd0000, 0x00000000e5430000)
 Tenured    total 172032K, used 56533K [0x00000000eaaa0000, 0x00000000f52a0000, 0x0000000100000000)Event: 5.554 {heap Before GC invocations=10 (full 3):
 DefNew     total 77632K, used 75479K [0x00000000e0000000, 0x00000000e5430000, 0x00000000eaaa0000)
  eden space 69056K, 100% used [0x00000000e0000000, 0x00000000e4370000, 0x00000000e4370000)
  from space 8576K,  74% used [0x00000000e4370000, 0x00000000e49b5fc0, 0x00000000e4bd0000)
  to   space 8576K,   0% used [0x00000000e4bd0000, 0x00000000e4bd0000, 0x00000000e5430000)
 Tenured    total 172032K, used 56533K [0x00000000eaaa0000, 0x00000000f52a0000, 0x000000010000000Event: 5.578 {heap After GC invocations=11 (full 3):
 DefNew     total 77632K, used 8576K [0x00000000e0000000, 0x00000000e5430000, 0x00000000eaaa0000)
  eden space 69056K,   0% used [0x00000000e0000000, 0x00000000e0000000, 0x00000000e4370000)
  from space 8576K, 100% used [0x00000000e4bd0000, 0x00000000e5430000, 0x00000000e5430000)
  to   space 8576K,   0% used [0x00000000e4370000, 0x00000000e4370000, 0x00000000e4bd0000)
 Tenured    total 172032K, used 69103K [0x00000000eaaa0000, 0x00000000f52a0000, 0x0000000100000000)Event: 6.022 {heap Before GC invocations=11 (full 3):
 DefNew     total 77632K, used 77632K [0x00000000e0000000, 0x00000000e5430000, 0x00000000eaaa0000)
  eden space 69056K, 100% used [0x00000000e0000000, 0x00000000e4370000, 0x00000000e4370000)
  from space 8576K, 100% used [0x00000000e4bd0000, 0x00000000e5430000, 0x00000000e5430000)
  to   space 8576K,   0% used [0x00000000e4370000, 0x00000000e4370000, 0x00000000e4bd0000)
 Tenured    total 172032K, used 69103K [0x00000000eaaa0000, 0x00000000f52a0000, 0x000000010000000Event: 6.038 {heap After GC invocations=12 (full 3):
 DefNew     total 77632K, used 4942K [0x00000000e0000000, 0x00000000e5430000, 0x00000000eaaa0000)
  eden space 69056K,   0% used [0x00000000e0000000, 0x00000000e0000000, 0x00000000e4370000)
  from space 8576K,  57% used [0x00000000e4370000, 0x00000000e4843b28, 0x00000000e4bd0000)
  to   space 8576K,   0% used [0x00000000e4bd0000, 0x00000000e4bd0000, 0x00000000e5430000)
 Tenured    total 172032K, used 77659K [0x00000000eaaa0000, 0x00000000f52a0000, 0x0000000100000000)Event: 8.472 {heap Before GC invocations=12 (full 3):
 DefNew     total 77632K, used 67245K [0x00000000e0000000, 0x00000000e5430000, 0x00000000eaaa0000)
  eden space 69056K,  90% used [0x00000000e0000000, 0x00000000e3cd7940, 0x00000000e4370000)
  from space 8576K,  57% used [0x00000000e4370000, 0x00000000e4843b28, 0x00000000e4bd0000)
  to   space 8576K,   0% used [0x00000000e4bd0000, 0x00000000e4bd0000, 0x00000000e5430000)
 Tenured    total 172032K, used 77659K [0x00000000eaaa0000, 0x00000000f52a0000, 0x000000010000000Event: 8.580 {heap After GC invocations=13 (full 4):
 DefNew     total 77632K, used 0K [0x00000000e0000000, 0x00000000e5430000, 0x00000000eaaa0000)
  eden space 69056K,   0% used [0x00000000e0000000, 0x00000000e0000000, 0x00000000e4370000)
  from space 8576K,   0% used [0x00000000e4370000, 0x00000000e4370000, 0x00000000e4bd0000)
  to   space 8576K,   0% used [0x00000000e4bd0000, 0x00000000e4bd0000, 0x00000000e5430000)
 Tenured    total 172032K, used 87807K [0x00000000eaaa0000, 0x00000000f52a0000, 0x0000000100000000)
  
Metaspace Usage History (20 events):
Event: 2.144 {metaspace Before GC invocations=3 (full 1):
 Metaspace       used 35170K, committed 35840K, reserved 1114112K
  class space    used 4913K, committed 5184K, reserved 1048576K
}
Event: 2.173 {metaspace After GC invocations=4 (full 2):
 Metaspace       used 35170K, committed 35840K, reserved 1114112K
  class space    used 4913K, committed 5184K, reserved 1048576K
}
Event: 2.662 {metaspace Before GC invocations=4 (full 2):
 Metaspace       used 41178K, committed 42112K, reserved 1114112K
  class space    used 5829K, committed 6272K, reserved 1048576K
}
Event: 2.672 {metaspace After GC invocations=5 (full 2):
 Metaspace       used 41178K, committed 42112K, reserved 1114112K
  class space    used 5829K, committed 6272K, reserved 1048576K
}
Event: 3.208 {metaspace Before GC invocations=5 (full 2):
 Metaspace       used 49582K, committed 50880K, reserved 1114112K
  class space    used 7146K, committed 7744K, reserved 1048576K
}
Event: 3.219 {metaspace After GC invocations=6 (full 2):
 Metaspace       used 49582K, committed 50880K, reserved 1114112K
  class space    used 7146K, committed 7744K, reserved 1048576K
}
Event: 3.811 {metaspace Before GC invocations=6 (full 2):
 Metaspace       used 56778K, committed 58240K, reserved 1114112K
  class space    used 8391K, committed 9088K, reserved 1048576K
}
Event: 3.825 {metaspace After GC invocations=7 (full 2):
 Metaspace       used 56778K, committed 58240K, reserved 1114112K
  class space    used 8391K, committed 9088K, reserved 1048576K
}
Event: 4.094 {metaspace Before GC invocations=7 (full 2):
 Metaspace       used 58235K, committed 59776K, reserved 1114112K
  class space    used 8570K, committed 9280K, reserved 1048576K
}
Event: 4.151 {metaspace After GC invocations=8 (full 3):
 Metaspace       used 58235K, committed 59776K, reserved 1114112K
  class space    used 8570K, committed 9280K, reserved 1048576K
}
Event: 4.665 {metaspace Before GC invocations=8 (full 3):
 Metaspace       used 68264K, committed 69952K, reserved 1114112K
  class space    used 10416K, committed 11200K, reserved 1048576K
}
Event: 4.670 {metaspace After GC invocations=9 (full 3):
 Metaspace       used 68264K, committed 69952K, reserved 1114112K
  class space    used 10416K, committed 11200K, reserved 1048576K
}
Event: 5.221 {metaspace Before GC invocations=9 (full 3):
 Metaspace       used 77537K, committed 79232K, reserved 1179648K
  class space    used 11583K, committed 12352K, reserved 1048576K
}
Event: 5.231 {metaspace After GC invocations=10 (full 3):
 Metaspace       used 77537K, committed 79232K, reserved 1179648K
  class space    used 11583K, committed 12352K, reserved 1048576K
}
Event: 5.554 {metaspace Before GC invocations=10 (full 3):
 Metaspace       used 82665K, committed 84352K, reserved 1179648K
  class space    used 12119K, committed 12928K, reserved 1048576K
}
Event: 5.578 {metaspace After GC invocations=11 (full 3):
 Metaspace       used 82665K, committed 84352K, reserved 1179648K
  class space    used 12119K, committed 12928K, reserved 1048576K
}
Event: 6.022 {metaspace Before GC invocations=11 (full 3):
 Metaspace       used 91143K, committed 92864K, reserved 1179648K
  class space    used 13024K, committed 13824K, reserved 1048576K
}
Event: 6.038 {metaspace After GC invocations=12 (full 3):
 Metaspace       used 91143K, committed 92864K, reserved 1179648K
  class space    used 13024K, committed 13824K, reserved 1048576K
}
Event: 8.472 {metaspace Before GC invocations=12 (full 3):
 Metaspace       used 97964K, committed 99648K, reserved 1179648K
  class space    used 13789K, committed 14592K, reserved 1048576K
}
Event: 8.580 {metaspace After GC invocations=13 (full 4):
 Metaspace       used 97964K, committed 99648K, reserved 1179648K
  class space    used 13789K, committed 14592K, reserved 1048576K
}

