# JRE version: OpenJDK Runtime Environment (25.0.2) (build 25.0.2+-15348964-b329.117)
# Java VM: OpenJDK 64-Bit Server VM (25.0.2+-15348964-b329.117, mixed mode, tiered, compressed oops, compressed class ptrs, serial gc, windows-amd64)
GC Precious Log:
 CardTable entry size: 512
 CPUs: 8 total, 8 available
 Memory: 16073M
 Large Page Support: Disabled
 NUMA Support: Disabled
 Compressed Oops: Enabled (32-bit)
 Heap Min Capacity: 8M
 Heap Initial Capacity: 252M
 Heap Max Capacity: 512M
 Pre-touch: Disabled
Heap:
 DefNew     total 77632K, used 60513K [0x00000000e0000000, 0x00000000e5430000, 0x00000000eaaa0000)
  eden space 69056K,  87% used [0x00000000e0000000, 0x00000000e3b187a0, 0x00000000e4370000)
  from space 8576K,   0% used [0x00000000e4370000, 0x00000000e4370000, 0x00000000e4bd0000)
  to   space 8576K,   0% used [0x00000000e4bd0000, 0x00000000e4bd0000, 0x00000000e5430000)
 Tenured    total 172032K, used 57925K [0x00000000eaaa0000, 0x00000000f52a0000, 0x0000000100000000)
  the  space 172032K,  33% used [0x00000000eaaa0000, 0x00000000ee331478, 0x00000000f52a0000)
GC Heap Usage History (16 events):
Event: 1.518 {heap Before GC invocations=0 (full 0):
 DefNew     total 77440K, used 68864K [0x00000000e0000000, 0x00000000e5400000, 0x00000000eaaa0000)
  eden space 68864K, 100% used [0x00000000e0000000, 0x00000000e4340000, 0x00000000e4340000)
  from space 8576K,   0% used [0x00000000e4340000, 0x00000000e4340000, 0x00000000e4ba0000)
  to   space 8576K,   0% used [0x00000000e4ba0000, 0x00000000e4ba0000, 0x00000000e5400000)
 Tenured    total 172032K, used 0K [0x00000000eaaa0000, 0x00000000f52a0000, 0x0000000100000000)
  Event: 1.536 {heap After GC invocations=1 (full 0):
 DefNew     total 77440K, used 8576K [0x00000000e0000000, 0x00000000e5400000, 0x00000000eaaa0000)
  eden space 68864K,   0% used [0x00000000e0000000, 0x00000000e0000000, 0x00000000e4340000)
  from space 8576K, 100% used [0x00000000e4ba0000, 0x00000000e5400000, 0x00000000e5400000)
  to   space 8576K,   0% used [0x00000000e4340000, 0x00000000e4340000, 0x00000000e4ba0000)
 Tenured    total 172032K, used 5761K [0x00000000eaaa0000, 0x00000000f52a0000, 0x0000000100000000)
 Event: 2.395 {heap Before GC invocations=1 (full 0):
 DefNew     total 77440K, used 51530K [0x00000000e0000000, 0x00000000e5400000, 0x00000000eaaa0000)
  eden space 68864K,  62% used [0x00000000e0000000, 0x00000000e29f2ae8, 0x00000000e4340000)
  from space 8576K, 100% used [0x00000000e4ba0000, 0x00000000e5400000, 0x00000000e5400000)
  to   space 8576K,   0% used [0x00000000e4340000, 0x00000000e4340000, 0x00000000e4ba0000)
 Tenured    total 172032K, used 5761K [0x00000000eaaa0000, 0x00000000f52a0000, 0x0000000100000000)Event: 2.439 {heap After GC invocations=2 (full 1):
 DefNew     total 77504K, used 0K [0x00000000e0000000, 0x00000000e5410000, 0x00000000eaaa0000)
  eden space 68928K,   0% used [0x00000000e0000000, 0x00000000e0000000, 0x00000000e4350000)
  from space 8576K,   0% used [0x00000000e4350000, 0x00000000e4350000, 0x00000000e4bb0000)
  to   space 8576K,   0% used [0x00000000e4bb0000, 0x00000000e4bb0000, 0x00000000e5410000)
 Tenured    total 172032K, used 18320K [0x00000000eaaa0000, 0x00000000f52a0000, 0x0000000100000000)
  tEvent: 4.811 {heap Before GC invocations=2 (full 1):
 DefNew     total 77504K, used 68928K [0x00000000e0000000, 0x00000000e5410000, 0x00000000eaaa0000)
  eden space 68928K, 100% used [0x00000000e0000000, 0x00000000e4350000, 0x00000000e4350000)
  from space 8576K,   0% used [0x00000000e4350000, 0x00000000e4350000, 0x00000000e4bb0000)
  to   space 8576K,   0% used [0x00000000e4bb0000, 0x00000000e4bb0000, 0x00000000e5410000)
 Tenured    total 172032K, used 18320K [0x00000000eaaa0000, 0x00000000f52a0000, 0x0000000100000000Event: 4.847 {heap After GC invocations=3 (full 1):
 DefNew     total 77504K, used 3665K [0x00000000e0000000, 0x00000000e5410000, 0x00000000eaaa0000)
  eden space 68928K,   0% used [0x00000000e0000000, 0x00000000e0000000, 0x00000000e4350000)
  from space 8576K,  42% used [0x00000000e4bb0000, 0x00000000e4f44798, 0x00000000e5410000)
  to   space 8576K,   0% used [0x00000000e4350000, 0x00000000e4350000, 0x00000000e4bb0000)
 Tenured    total 172032K, used 18320K [0x00000000eaaa0000, 0x00000000f52a0000, 0x0000000100000000)
Event: 5.862 {heap Before GC invocations=3 (full 1):
 DefNew     total 77504K, used 29497K [0x00000000e0000000, 0x00000000e5410000, 0x00000000eaaa0000)
  eden space 68928K,  37% used [0x00000000e0000000, 0x00000000e1939ee8, 0x00000000e4350000)
  from space 8576K,  42% used [0x00000000e4bb0000, 0x00000000e4f44798, 0x00000000e5410000)
  to   space 8576K,   0% used [0x00000000e4350000, 0x00000000e4350000, 0x00000000e4bb0000)
 Tenured    total 172032K, used 18320K [0x00000000eaaa0000, 0x00000000f52a0000, 0x0000000100000000Event: 5.990 {heap After GC invocations=4 (full 2):
 DefNew     total 77568K, used 0K [0x00000000e0000000, 0x00000000e5420000, 0x00000000eaaa0000)
  eden space 68992K,   0% used [0x00000000e0000000, 0x00000000e0000000, 0x00000000e4360000)
  from space 8576K,   0% used [0x00000000e4360000, 0x00000000e4360000, 0x00000000e4bc0000)
  to   space 8576K,   0% used [0x00000000e4bc0000, 0x00000000e4bc0000, 0x00000000e5420000)
 Tenured    total 172032K, used 23659K [0x00000000eaaa0000, 0x00000000f52a0000, 0x0000000100000000)
  tEvent: 7.865 {heap Before GC invocations=4 (full 2):
 DefNew     total 77568K, used 68992K [0x00000000e0000000, 0x00000000e5420000, 0x00000000eaaa0000)
  eden space 68992K, 100% used [0x00000000e0000000, 0x00000000e4360000, 0x00000000e4360000)
  from space 8576K,   0% used [0x00000000e4360000, 0x00000000e4360000, 0x00000000e4bc0000)
  to   space 8576K,   0% used [0x00000000e4bc0000, 0x00000000e4bc0000, 0x00000000e5420000)
 Tenured    total 172032K, used 23659K [0x00000000eaaa0000, 0x00000000f52a0000, 0x0000000100000000Event: 7.897 {heap After GC invocations=5 (full 2):
 DefNew     total 77568K, used 8575K [0x00000000e0000000, 0x00000000e5420000, 0x00000000eaaa0000)
  eden space 68992K,   0% used [0x00000000e0000000, 0x00000000e0000000, 0x00000000e4360000)
  from space 8576K,  99% used [0x00000000e4bc0000, 0x00000000e541fff8, 0x00000000e5420000)
  to   space 8576K,   0% used [0x00000000e4360000, 0x00000000e4360000, 0x00000000e4bc0000)
 Tenured    total 172032K, used 36740K [0x00000000eaaa0000, 0x00000000f52a0000, 0x0000000100000000)
Event: 10.320 {heap Before GC invocations=5 (full 2):
 DefNew     total 77568K, used 77567K [0x00000000e0000000, 0x00000000e5420000, 0x00000000eaaa0000)
  eden space 68992K, 100% used [0x00000000e0000000, 0x00000000e4360000, 0x00000000e4360000)
  from space 8576K,  99% used [0x00000000e4bc0000, 0x00000000e541fff8, 0x00000000e5420000)
  to   space 8576K,   0% used [0x00000000e4360000, 0x00000000e4360000, 0x00000000e4bc0000)
 Tenured    total 172032K, used 36740K [0x00000000eaaa0000, 0x00000000f52a0000, 0x0000000100000000Event: 10.369 {heap After GC invocations=6 (full 2):
 DefNew     total 77568K, used 4189K [0x00000000e0000000, 0x00000000e5420000, 0x00000000eaaa0000)
  eden space 68992K,   0% used [0x00000000e0000000, 0x00000000e0000000, 0x00000000e4360000)
  from space 8576K,  48% used [0x00000000e4360000, 0x00000000e4777538, 0x00000000e4bc0000)
  to   space 8576K,   0% used [0x00000000e4bc0000, 0x00000000e4bc0000, 0x00000000e5420000)
 Tenured    total 172032K, used 45288K [0x00000000eaaa0000, 0x00000000f52a0000, 0x0000000100000000)
Event: 12.755 {heap Before GC invocations=6 (full 2):
 DefNew     total 77568K, used 73181K [0x00000000e0000000, 0x00000000e5420000, 0x00000000eaaa0000)
  eden space 68992K, 100% used [0x00000000e0000000, 0x00000000e4360000, 0x00000000e4360000)
  from space 8576K,  48% used [0x00000000e4360000, 0x00000000e4777538, 0x00000000e4bc0000)
  to   space 8576K,   0% used [0x00000000e4bc0000, 0x00000000e4bc0000, 0x00000000e5420000)
 Tenured    total 172032K, used 45288K [0x00000000eaaa0000, 0x00000000f52a0000, 0x0000000100000000Event: 12.778 {heap After GC invocations=7 (full 2):
 DefNew     total 77568K, used 8180K [0x00000000e0000000, 0x00000000e5420000, 0x00000000eaaa0000)
  eden space 68992K,   0% used [0x00000000e0000000, 0x00000000e0000000, 0x00000000e4360000)
  from space 8576K,  95% used [0x00000000e4bc0000, 0x00000000e53bd230, 0x00000000e5420000)
  to   space 8576K,   0% used [0x00000000e4360000, 0x00000000e4360000, 0x00000000e4bc0000)
 Tenured    total 172032K, used 45288K [0x00000000eaaa0000, 0x00000000f52a0000, 0x0000000100000000)
Event: 13.260 {heap Before GC invocations=7 (full 2):
 DefNew     total 77568K, used 40978K [0x00000000e0000000, 0x00000000e5420000, 0x00000000eaaa0000)
  eden space 68992K,  47% used [0x00000000e0000000, 0x00000000e20077b0, 0x00000000e4360000)
  from space 8576K,  95% used [0x00000000e4bc0000, 0x00000000e53bd230, 0x00000000e5420000)
  to   space 8576K,   0% used [0x00000000e4360000, 0x00000000e4360000, 0x00000000e4bc0000)
 Tenured    total 172032K, used 45288K [0x00000000eaaa0000, 0x00000000f52a0000, 0x0000000100000000Event: 13.369 {heap After GC invocations=8 (full 3):
 DefNew     total 77632K, used 0K [0x00000000e0000000, 0x00000000e5430000, 0x00000000eaaa0000)
  eden space 69056K,   0% used [0x00000000e0000000, 0x00000000e0000000, 0x00000000e4370000)
  from space 8576K,   0% used [0x00000000e4370000, 0x00000000e4370000, 0x00000000e4bd0000)
  to   space 8576K,   0% used [0x00000000e4bd0000, 0x00000000e4bd0000, 0x00000000e5430000)
 Tenured    total 172032K, used 57925K [0x00000000eaaa0000, 0x00000000f52a0000, 0x0000000100000000)
  t
Metaspace Usage History (16 events):
Event: 1.518 {metaspace Before GC invocations=0 (full 0):
 Metaspace       used 13339K, committed 13504K, reserved 1114112K
  class space    used 1504K, committed 1600K, reserved 1048576K
}
Event: 1.536 {metaspace After GC invocations=1 (full 0):
 Metaspace       used 13339K, committed 13504K, reserved 1114112K
  class space    used 1504K, committed 1600K, reserved 1048576K
}
Event: 2.395 {metaspace Before GC invocations=1 (full 0):
 Metaspace       used 21271K, committed 21504K, reserved 1114112K
  class space    used 2565K, committed 2688K, reserved 1048576K
}
Event: 2.439 {metaspace After GC invocations=2 (full 1):
 Metaspace       used 21271K, committed 21504K, reserved 1114112K
  class space    used 2565K, committed 2688K, reserved 1048576K
}
Event: 4.811 {metaspace Before GC invocations=2 (full 1):
 Metaspace       used 31783K, committed 32384K, reserved 1114112K
  class space    used 4329K, committed 4608K, reserved 1048576K
}
Event: 4.847 {metaspace After GC invocations=3 (full 1):
 Metaspace       used 31783K, committed 32384K, reserved 1114112K
  class space    used 4329K, committed 4608K, reserved 1048576K
}
Event: 5.862 {metaspace Before GC invocations=3 (full 1):
 Metaspace       used 35199K, committed 35840K, reserved 1114112K
  class space    used 4913K, committed 5184K, reserved 1048576K
}
Event: 5.990 {metaspace After GC invocations=4 (full 2):
 Metaspace       used 35199K, committed 35840K, reserved 1114112K
  class space    used 4913K, committed 5184K, reserved 1048576K
}
Event: 7.865 {metaspace Before GC invocations=4 (full 2):
 Metaspace       used 41102K, committed 41984K, reserved 1114112K
  class space    used 5811K, committed 6208K, reserved 1048576K
}
Event: 7.897 {metaspace After GC invocations=5 (full 2):
 Metaspace       used 41102K, committed 41984K, reserved 1114112K
  class space    used 5811K, committed 6208K, reserved 1048576K
}
Event: 10.320 {metaspace Before GC invocations=5 (full 2):
 Metaspace       used 49586K, committed 50816K, reserved 1114112K
  class space    used 7133K, committed 7744K, reserved 1048576K
}
Event: 10.369 {metaspace After GC invocations=6 (full 2):
 Metaspace       used 49586K, committed 50816K, reserved 1114112K
  class space    used 7133K, committed 7744K, reserved 1048576K
}
Event: 12.755 {metaspace Before GC invocations=6 (full 2):
 Metaspace       used 56751K, committed 58240K, reserved 1114112K
  class space    used 8376K, committed 9088K, reserved 1048576K
}
Event: 12.778 {metaspace After GC invocations=7 (full 2):
 Metaspace       used 56751K, committed 58240K, reserved 1114112K
  class space    used 8376K, committed 9088K, reserved 1048576K
}
Event: 13.260 {metaspace Before GC invocations=7 (full 2):
 Metaspace       used 58214K, committed 59776K, reserved 1114112K
  class space    used 8546K, committed 9216K, reserved 1048576K
}
Event: 13.369 {metaspace After GC invocations=8 (full 3):
 Metaspace       used 58214K, committed 59776K, reserved 1114112K
  class space    used 8546K, committed 9216K, reserved 1048576K
}

